<?xml version="1.0" encoding="UTF-8"?>
<!-- Generated by org.testng.reporters.JUnitXMLReporter -->
<testsuite hostname="DESKTOP-FGT58SB" ignored="0" name="Test" tests="12" failures="4" timestamp="03 Sep 2018 11:30:43 GMT" time="326.26" errors="0">
  <testcase name="signUpInApplication" time="2.962" classname="com.patientApp.TestCases.MavenTestClass">
    <skipped/>
  </testcase> <!-- signUpInApplication -->
  <testcase name="signUpInApplication" time="11.587" classname="com.patientApp.TestCases.MavenTestClass">
    <skipped/>
  </testcase> <!-- signUpInApplication -->
  <testcase name="signUpInApplication" time="11.174" classname="com.patientApp.TestCases.MavenTestClass">
    <failure type="org.openqa.selenium.WebDriverException" message="An unknown server-side error occurred while processing the command. Original error: Could not proxy command to remote server. Original error: Error: read ECONNRESET (WARNING: The server did not provide any stacktrace information)
Command duration or timeout: 0 milliseconds
Build info: version: &amp;apos;3.11.0&amp;apos;, revision: &amp;apos;e59cfb3&amp;apos;, time: &amp;apos;2018-03-11T20:26:55.152Z&amp;apos;
System info: host: &amp;apos;DESKTOP-FGT58SB&amp;apos;, ip: &amp;apos;192.168.2.77&amp;apos;, os.name: &amp;apos;Windows 10&amp;apos;, os.arch: &amp;apos;amd64&amp;apos;, os.version: &amp;apos;10.0&amp;apos;, java.version: &amp;apos;1.8.0_161&amp;apos;
Driver info: io.appium.java_client.android.AndroidDriver
Capabilities {appActivity: com.docsapp.patients.app.Ma..., appPackage: com.docsapp.patients.debug, automationName: uiautomator2, browserName: android, databaseEnabled: false, desired: {appActivity: com.docsapp.patients.app.Ma..., appPackage: com.docsapp.patients.debug, automationName: uiautomator2, browserName: android, device: Android, deviceName: Android, newCommandTimeout: 60, noReset: true, orientation: PORTRAIT, platform: ANDROID, platformName: Android, skipUnlock: true, version: }, device: Android, deviceApiLevel: 27, deviceManufacturer: Xiaomi, deviceModel: Mi A1, deviceName: 797a9b000504, deviceScreenDensity: 480, deviceScreenSize: 1080x1920, deviceUDID: 797a9b000504, javascriptEnabled: true, locationContextEnabled: false, networkConnectionEnabled: true, newCommandTimeout: 60, noReset: true, orientation: PORTRAIT, pixelRatio: 3, platform: ANDROID, platformName: ANDROID, platformVersion: 8.1.0, skipUnlock: true, statBarHeight: 72, takesScreenshot: true, version: , viewportRect: {height: 1848, left: 0, top: 72, width: 1080}, warnings: {}, webStorageEnabled: false}
Session ID: 37fc8d96-8a61-4e88-abaf-4689828ceffd
*** Element info: {Using=id, value=text_english}">
      <![CDATA[org.openqa.selenium.WebDriverException: An unknown server-side error occurred while processing the command. Original error: Could not proxy command to remote server. Original error: Error: read ECONNRESET (WARNING: The server did not provide any stacktrace information)
Command duration or timeout: 0 milliseconds
Build info: version: '3.11.0', revision: 'e59cfb3', time: '2018-03-11T20:26:55.152Z'
System info: host: 'DESKTOP-FGT58SB', ip: '192.168.2.77', os.name: 'Windows 10', os.arch: 'amd64', os.version: '10.0', java.version: '1.8.0_161'
Driver info: io.appium.java_client.android.AndroidDriver
Capabilities {appActivity: com.docsapp.patients.app.Ma..., appPackage: com.docsapp.patients.debug, automationName: uiautomator2, browserName: android, databaseEnabled: false, desired: {appActivity: com.docsapp.patients.app.Ma..., appPackage: com.docsapp.patients.debug, automationName: uiautomator2, browserName: android, device: Android, deviceName: Android, newCommandTimeout: 60, noReset: true, orientation: PORTRAIT, platform: ANDROID, platformName: Android, skipUnlock: true, version: }, device: Android, deviceApiLevel: 27, deviceManufacturer: Xiaomi, deviceModel: Mi A1, deviceName: 797a9b000504, deviceScreenDensity: 480, deviceScreenSize: 1080x1920, deviceUDID: 797a9b000504, javascriptEnabled: true, locationContextEnabled: false, networkConnectionEnabled: true, newCommandTimeout: 60, noReset: true, orientation: PORTRAIT, pixelRatio: 3, platform: ANDROID, platformName: ANDROID, platformVersion: 8.1.0, skipUnlock: true, statBarHeight: 72, takesScreenshot: true, version: , viewportRect: {height: 1848, left: 0, top: 72, width: 1080}, warnings: {}, webStorageEnabled: false}
Session ID: 37fc8d96-8a61-4e88-abaf-4689828ceffd
*** Element info: {Using=id, value=text_english}
at org.openqa.selenium.remote.ErrorHandler.createThrowable(ErrorHandler.java:214)
at org.openqa.selenium.remote.ErrorHandler.throwIfResponseFailed(ErrorHandler.java:166)
at org.openqa.selenium.remote.http.JsonHttpResponseCodec.reconstructValue(JsonHttpResponseCodec.java:40)
at org.openqa.selenium.remote.http.AbstractHttpResponseCodec.decode(AbstractHttpResponseCodec.java:80)
at org.openqa.selenium.remote.http.AbstractHttpResponseCodec.decode(AbstractHttpResponseCodec.java:44)
at org.openqa.selenium.remote.HttpCommandExecutor.execute(HttpCommandExecutor.java:158)
at io.appium.java_client.remote.AppiumCommandExecutor.execute(AppiumCommandExecutor.java:89)
at org.openqa.selenium.remote.RemoteWebDriver.execute(RemoteWebDriver.java:545)
at io.appium.java_client.DefaultGenericMobileDriver.execute(DefaultGenericMobileDriver.java:42)
at io.appium.java_client.AppiumDriver.execute(AppiumDriver.java:1)
at io.appium.java_client.android.AndroidDriver.execute(AndroidDriver.java:1)
at org.openqa.selenium.remote.RemoteWebDriver.findElements(RemoteWebDriver.java:346)
at io.appium.java_client.DefaultGenericMobileDriver.findElements(DefaultGenericMobileDriver.java:54)
at io.appium.java_client.AppiumDriver.findElements(AppiumDriver.java:149)
at org.openqa.selenium.remote.RemoteWebDriver.findElementsById(RemoteWebDriver.java:369)
at io.appium.java_client.DefaultGenericMobileDriver.findElementsById(DefaultGenericMobileDriver.java:66)
at io.appium.java_client.AppiumDriver.findElementsById(AppiumDriver.java:153)
at org.openqa.selenium.By$ById.findElements(By.java:210)
at org.openqa.selenium.remote.RemoteWebDriver.findElements(RemoteWebDriver.java:307)
at io.appium.java_client.DefaultGenericMobileDriver.findElements(DefaultGenericMobileDriver.java:50)
at io.appium.java_client.AppiumDriver.findElements(AppiumDriver.java:145)
at org.openqa.selenium.support.ui.ExpectedConditions.findElement(ExpectedConditions.java:895)
at org.openqa.selenium.support.ui.ExpectedConditions.access$000(ExpectedConditions.java:44)
at org.openqa.selenium.support.ui.ExpectedConditions$6.apply(ExpectedConditions.java:183)
at org.openqa.selenium.support.ui.ExpectedConditions$6.apply(ExpectedConditions.java:180)
at org.openqa.selenium.support.ui.FluentWait.until(FluentWait.java:248)
at com.patientApp.Base.MavenGenericMethods.OnboardingToConsultScreen(MavenGenericMethods.java:173)
at com.patientApp.TestCases.MavenTestClass.signUpInApplication(MavenTestClass.java:37)
... Removed 29 stack frames]]>
    </failure>
  </testcase> <!-- signUpInApplication -->
  <testcase name="updatingTheProfile" time="10.476" classname="com.patientApp.TestCases.MavenTestClass">
    <skipped/>
  </testcase> <!-- updatingTheProfile -->
  <testcase name="updatingTheProfile" time="10.522" classname="com.patientApp.TestCases.MavenTestClass">
    <skipped/>
  </testcase> <!-- updatingTheProfile -->
  <testcase name="updatingTheProfile" time="10.081" classname="com.patientApp.TestCases.MavenTestClass">
    <failure type="org.openqa.selenium.TimeoutException" message="Expected condition failed: waiting for presence of element located by: By.id: button_homescreenlabtesticon (tried for 10 second(s) with 500 milliseconds interval)">
      <![CDATA[org.openqa.selenium.TimeoutException: Expected condition failed: waiting for presence of element located by: By.id: button_homescreenlabtesticon (tried for 10 second(s) with 500 milliseconds interval)
at org.openqa.selenium.support.ui.WebDriverWait.timeoutException(WebDriverWait.java:81)
at org.openqa.selenium.support.ui.FluentWait.until(FluentWait.java:271)
at com.patientApp.Base.MavenGenericMethods.profileUpdateHam(MavenGenericMethods.java:751)
at com.patientApp.TestCases.MavenTestClass.updatingTheProfile(MavenTestClass.java:70)
Caused by: org.openqa.selenium.NoSuchElementException: Cannot locate an element using By.id: button_homescreenlabtesticon
For documentation on this error, please visit: http://seleniumhq.org/exceptions/no_such_element.html
Build info: version: '3.11.0', revision: 'e59cfb3', time: '2018-03-11T20:26:55.152Z'
System info: host: 'DESKTOP-FGT58SB', ip: '192.168.2.77', os.name: 'Windows 10', os.arch: 'amd64', os.version: '10.0', java.version: '1.8.0_161'
Driver info: driver.version: unknown
at org.openqa.selenium.support.ui.ExpectedConditions.lambda$findElement$0(ExpectedConditions.java:896)
at java.util.Optional.orElseThrow(Optional.java:290)
at org.openqa.selenium.support.ui.ExpectedConditions.findElement(ExpectedConditions.java:895)
at org.openqa.selenium.support.ui.ExpectedConditions.access$000(ExpectedConditions.java:44)
at org.openqa.selenium.support.ui.ExpectedConditions$6.apply(ExpectedConditions.java:183)
at org.openqa.selenium.support.ui.ExpectedConditions$6.apply(ExpectedConditions.java:180)
at org.openqa.selenium.support.ui.FluentWait.until(FluentWait.java:248)
... 27 more
... Removed 25 stack frames]]>
    </failure>
  </testcase> <!-- updatingTheProfile -->
  <testcase name="howDocsAppWorks" time="10.41" classname="com.patientApp.TestCases.MavenTestClass">
    <skipped/>
  </testcase> <!-- howDocsAppWorks -->
  <testcase name="howDocsAppWorks" time="10.419" classname="com.patientApp.TestCases.MavenTestClass">
    <skipped/>
  </testcase> <!-- howDocsAppWorks -->
  <testcase name="howDocsAppWorks" time="10.017" classname="com.patientApp.TestCases.MavenTestClass">
    <failure type="org.openqa.selenium.TimeoutException" message="Expected condition failed: waiting for presence of element located by: By.id: button_homescreenlabtesticon (tried for 10 second(s) with 500 milliseconds interval)">
      <![CDATA[org.openqa.selenium.TimeoutException: Expected condition failed: waiting for presence of element located by: By.id: button_homescreenlabtesticon (tried for 10 second(s) with 500 milliseconds interval)
at org.openqa.selenium.support.ui.WebDriverWait.timeoutException(WebDriverWait.java:81)
at org.openqa.selenium.support.ui.FluentWait.until(FluentWait.java:271)
at com.patientApp.Base.MavenGenericMethods.videoHowDocAppWorksHam(MavenGenericMethods.java:832)
at com.patientApp.TestCases.MavenTestClass.howDocsAppWorks(MavenTestClass.java:76)
Caused by: org.openqa.selenium.NoSuchElementException: Cannot locate an element using By.id: button_homescreenlabtesticon
For documentation on this error, please visit: http://seleniumhq.org/exceptions/no_such_element.html
Build info: version: '3.11.0', revision: 'e59cfb3', time: '2018-03-11T20:26:55.152Z'
System info: host: 'DESKTOP-FGT58SB', ip: '192.168.2.77', os.name: 'Windows 10', os.arch: 'amd64', os.version: '10.0', java.version: '1.8.0_161'
Driver info: driver.version: unknown
at org.openqa.selenium.support.ui.ExpectedConditions.lambda$findElement$0(ExpectedConditions.java:896)
at java.util.Optional.orElseThrow(Optional.java:290)
at org.openqa.selenium.support.ui.ExpectedConditions.findElement(ExpectedConditions.java:895)
at org.openqa.selenium.support.ui.ExpectedConditions.access$000(ExpectedConditions.java:44)
at org.openqa.selenium.support.ui.ExpectedConditions$6.apply(ExpectedConditions.java:183)
at org.openqa.selenium.support.ui.ExpectedConditions$6.apply(ExpectedConditions.java:180)
at org.openqa.selenium.support.ui.FluentWait.until(FluentWait.java:248)
... 27 more
... Removed 25 stack frames]]>
    </failure>
  </testcase> <!-- howDocsAppWorks -->
  <testcase name="whatWeTreat" time="10.497" classname="com.patientApp.TestCases.MavenTestClass">
    <skipped/>
  </testcase> <!-- whatWeTreat -->
  <testcase name="whatWeTreat" time="10.431" classname="com.patientApp.TestCases.MavenTestClass">
    <skipped/>
  </testcase> <!-- whatWeTreat -->
  <testcase name="whatWeTreat" time="10.383" classname="com.patientApp.TestCases.MavenTestClass">
    <failure type="org.openqa.selenium.TimeoutException" message="Expected condition failed: waiting for presence of element located by: By.id: button_homescreenlabtesticon (tried for 10 second(s) with 500 milliseconds interval)">
      <![CDATA[org.openqa.selenium.TimeoutException: Expected condition failed: waiting for presence of element located by: By.id: button_homescreenlabtesticon (tried for 10 second(s) with 500 milliseconds interval)
at org.openqa.selenium.support.ui.WebDriverWait.timeoutException(WebDriverWait.java:81)
at org.openqa.selenium.support.ui.FluentWait.until(FluentWait.java:271)
at com.patientApp.Base.MavenGenericMethods.whatWeTreatHam(MavenGenericMethods.java:1039)
at com.patientApp.TestCases.MavenTestClass.whatWeTreat(MavenTestClass.java:88)
Caused by: org.openqa.selenium.NoSuchElementException: Cannot locate an element using By.id: button_homescreenlabtesticon
For documentation on this error, please visit: http://seleniumhq.org/exceptions/no_such_element.html
Build info: version: '3.11.0', revision: 'e59cfb3', time: '2018-03-11T20:26:55.152Z'
System info: host: 'DESKTOP-FGT58SB', ip: '192.168.2.77', os.name: 'Windows 10', os.arch: 'amd64', os.version: '10.0', java.version: '1.8.0_161'
Driver info: driver.version: unknown
at org.openqa.selenium.support.ui.ExpectedConditions.lambda$findElement$0(ExpectedConditions.java:896)
at java.util.Optional.orElseThrow(Optional.java:290)
at org.openqa.selenium.support.ui.ExpectedConditions.findElement(ExpectedConditions.java:895)
at org.openqa.selenium.support.ui.ExpectedConditions.access$000(ExpectedConditions.java:44)
at org.openqa.selenium.support.ui.ExpectedConditions$6.apply(ExpectedConditions.java:183)
at org.openqa.selenium.support.ui.ExpectedConditions$6.apply(ExpectedConditions.java:180)
at org.openqa.selenium.support.ui.FluentWait.until(FluentWait.java:248)
... 27 more
... Removed 25 stack frames]]>
    </failure>
  </testcase> <!-- whatWeTreat -->
</testsuite> <!-- Test -->
