<?xml version="1.0" encoding="UTF-8"?>
<!-- Generated by org.testng.reporters.JUnitXMLReporter -->
<testsuite hostname="DESKTOP-FGT58SB" ignored="0" name="Test" tests="6" failures="2" timestamp="06 Sep 2018 13:39:19 GMT" time="193.419" errors="0">
  <testcase name="signUpInApplication" time="15.882" classname="com.patientApp.TestCases.MavenTestClass">
    <skipped/>
  </testcase> <!-- signUpInApplication -->
  <testcase name="signUpInApplication" time="15.776" classname="com.patientApp.TestCases.MavenTestClass">
    <skipped/>
  </testcase> <!-- signUpInApplication -->
  <testcase name="signUpInApplication" time="9.199" classname="com.patientApp.TestCases.MavenTestClass">
    <failure type="org.openqa.selenium.WebDriverException" message="An unknown server-side error occurred while processing the command. Original error: Could not proxy command to remote server. Original error: Error: read ECONNRESET (WARNING: The server did not provide any stacktrace information)
Command duration or timeout: 0 milliseconds
Build info: version: &amp;apos;3.11.0&amp;apos;, revision: &amp;apos;e59cfb3&amp;apos;, time: &amp;apos;2018-03-11T20:26:55.152Z&amp;apos;
System info: host: &amp;apos;DESKTOP-FGT58SB&amp;apos;, ip: &amp;apos;192.168.2.77&amp;apos;, os.name: &amp;apos;Windows 10&amp;apos;, os.arch: &amp;apos;amd64&amp;apos;, os.version: &amp;apos;10.0&amp;apos;, java.version: &amp;apos;1.8.0_161&amp;apos;
Driver info: io.appium.java_client.android.AndroidDriver
Capabilities {appActivity: com.docsapp.patients.app.Ma..., appPackage: com.docsapp.patients.debug, automationName: uiautomator2, browserName: android, databaseEnabled: false, desired: {appActivity: com.docsapp.patients.app.Ma..., appPackage: com.docsapp.patients.debug, automationName: uiautomator2, browserName: android, device: Android, deviceName: Android, newCommandTimeout: 60, noReset: true, orientation: PORTRAIT, platform: ANDROID, platformName: Android, skipUnlock: true, version: }, device: Android, deviceApiLevel: 27, deviceManufacturer: Xiaomi, deviceModel: Mi A1, deviceName: 797a9b000504, deviceScreenDensity: 480, deviceScreenSize: 1080x1920, deviceUDID: 797a9b000504, javascriptEnabled: true, locationContextEnabled: false, networkConnectionEnabled: true, newCommandTimeout: 60, noReset: true, orientation: PORTRAIT, pixelRatio: 3, platform: ANDROID, platformName: ANDROID, platformVersion: 8.1.0, skipUnlock: true, statBarHeight: 72, takesScreenshot: true, version: , viewportRect: {height: 1848, left: 0, top: 72, width: 1080}, warnings: {}, webStorageEnabled: false}
Session ID: 57755f17-7c53-4095-a582-ae0fc0354b76
*** Element info: {Using=id, value=text_english}">
      <![CDATA[org.openqa.selenium.WebDriverException: An unknown server-side error occurred while processing the command. Original error: Could not proxy command to remote server. Original error: Error: read ECONNRESET (WARNING: The server did not provide any stacktrace information)
Command duration or timeout: 0 milliseconds
Build info: version: '3.11.0', revision: 'e59cfb3', time: '2018-03-11T20:26:55.152Z'
System info: host: 'DESKTOP-FGT58SB', ip: '192.168.2.77', os.name: 'Windows 10', os.arch: 'amd64', os.version: '10.0', java.version: '1.8.0_161'
Driver info: io.appium.java_client.android.AndroidDriver
Capabilities {appActivity: com.docsapp.patients.app.Ma..., appPackage: com.docsapp.patients.debug, automationName: uiautomator2, browserName: android, databaseEnabled: false, desired: {appActivity: com.docsapp.patients.app.Ma..., appPackage: com.docsapp.patients.debug, automationName: uiautomator2, browserName: android, device: Android, deviceName: Android, newCommandTimeout: 60, noReset: true, orientation: PORTRAIT, platform: ANDROID, platformName: Android, skipUnlock: true, version: }, device: Android, deviceApiLevel: 27, deviceManufacturer: Xiaomi, deviceModel: Mi A1, deviceName: 797a9b000504, deviceScreenDensity: 480, deviceScreenSize: 1080x1920, deviceUDID: 797a9b000504, javascriptEnabled: true, locationContextEnabled: false, networkConnectionEnabled: true, newCommandTimeout: 60, noReset: true, orientation: PORTRAIT, pixelRatio: 3, platform: ANDROID, platformName: ANDROID, platformVersion: 8.1.0, skipUnlock: true, statBarHeight: 72, takesScreenshot: true, version: , viewportRect: {height: 1848, left: 0, top: 72, width: 1080}, warnings: {}, webStorageEnabled: false}
Session ID: 57755f17-7c53-4095-a582-ae0fc0354b76
*** Element info: {Using=id, value=text_english}
at org.openqa.selenium.remote.ErrorHandler.createThrowable(ErrorHandler.java:214)
at org.openqa.selenium.remote.ErrorHandler.throwIfResponseFailed(ErrorHandler.java:166)
at org.openqa.selenium.remote.http.JsonHttpResponseCodec.reconstructValue(JsonHttpResponseCodec.java:40)
at org.openqa.selenium.remote.http.AbstractHttpResponseCodec.decode(AbstractHttpResponseCodec.java:80)
at org.openqa.selenium.remote.http.AbstractHttpResponseCodec.decode(AbstractHttpResponseCodec.java:44)
at org.openqa.selenium.remote.HttpCommandExecutor.execute(HttpCommandExecutor.java:158)
at io.appium.java_client.remote.AppiumCommandExecutor.execute(AppiumCommandExecutor.java:89)
at org.openqa.selenium.remote.RemoteWebDriver.execute(RemoteWebDriver.java:545)
at io.appium.java_client.DefaultGenericMobileDriver.execute(DefaultGenericMobileDriver.java:42)
at io.appium.java_client.AppiumDriver.execute(AppiumDriver.java:1)
at io.appium.java_client.android.AndroidDriver.execute(AndroidDriver.java:1)
at org.openqa.selenium.remote.RemoteWebDriver.findElements(RemoteWebDriver.java:346)
at io.appium.java_client.DefaultGenericMobileDriver.findElements(DefaultGenericMobileDriver.java:54)
at io.appium.java_client.AppiumDriver.findElements(AppiumDriver.java:149)
at org.openqa.selenium.remote.RemoteWebDriver.findElementsById(RemoteWebDriver.java:369)
at io.appium.java_client.DefaultGenericMobileDriver.findElementsById(DefaultGenericMobileDriver.java:66)
at io.appium.java_client.AppiumDriver.findElementsById(AppiumDriver.java:153)
at org.openqa.selenium.By$ById.findElements(By.java:210)
at org.openqa.selenium.remote.RemoteWebDriver.findElements(RemoteWebDriver.java:307)
at io.appium.java_client.DefaultGenericMobileDriver.findElements(DefaultGenericMobileDriver.java:50)
at io.appium.java_client.AppiumDriver.findElements(AppiumDriver.java:145)
at org.openqa.selenium.support.ui.ExpectedConditions.findElement(ExpectedConditions.java:895)
at org.openqa.selenium.support.ui.ExpectedConditions.access$000(ExpectedConditions.java:44)
at org.openqa.selenium.support.ui.ExpectedConditions$6.apply(ExpectedConditions.java:183)
at org.openqa.selenium.support.ui.ExpectedConditions$6.apply(ExpectedConditions.java:180)
at org.openqa.selenium.support.ui.FluentWait.until(FluentWait.java:248)
at com.patientApp.Base.MavenGenericMethods.OnboardingToConsultScreen(MavenGenericMethods.java:165)
at com.patientApp.TestCases.MavenTestClass.signUpInApplication(MavenTestClass.java:37)
... Removed 32 stack frames]]>
    </failure>
  </testcase> <!-- signUpInApplication -->
  <testcase name="updatingTheProfile" time="18.469" classname="com.patientApp.TestCases.MavenTestClass">
    <skipped/>
  </testcase> <!-- updatingTheProfile -->
  <testcase name="updatingTheProfile" time="9.229" classname="com.patientApp.TestCases.MavenTestClass">
    <skipped/>
  </testcase> <!-- updatingTheProfile -->
  <testcase name="updatingTheProfile" time="15.456" classname="com.patientApp.TestCases.MavenTestClass">
    <failure type="org.openqa.selenium.WebDriverException" message="An unknown server-side error occurred while processing the command. Original error: Could not proxy command to remote server. Original error: Error: read ECONNRESET (WARNING: The server did not provide any stacktrace information)
Command duration or timeout: 0 milliseconds
Build info: version: &amp;apos;3.11.0&amp;apos;, revision: &amp;apos;e59cfb3&amp;apos;, time: &amp;apos;2018-03-11T20:26:55.152Z&amp;apos;
System info: host: &amp;apos;DESKTOP-FGT58SB&amp;apos;, ip: &amp;apos;192.168.2.77&amp;apos;, os.name: &amp;apos;Windows 10&amp;apos;, os.arch: &amp;apos;amd64&amp;apos;, os.version: &amp;apos;10.0&amp;apos;, java.version: &amp;apos;1.8.0_161&amp;apos;
Driver info: io.appium.java_client.android.AndroidDriver
Capabilities {appActivity: com.docsapp.patients.app.Ma..., appPackage: com.docsapp.patients.debug, automationName: uiautomator2, browserName: android, databaseEnabled: false, desired: {appActivity: com.docsapp.patients.app.Ma..., appPackage: com.docsapp.patients.debug, automationName: uiautomator2, browserName: android, device: Android, deviceName: Android, newCommandTimeout: 60, noReset: true, orientation: PORTRAIT, platform: ANDROID, platformName: Android, skipUnlock: true, version: }, device: Android, deviceApiLevel: 27, deviceManufacturer: Xiaomi, deviceModel: Mi A1, deviceName: 797a9b000504, deviceScreenDensity: 480, deviceScreenSize: 1080x1920, deviceUDID: 797a9b000504, javascriptEnabled: true, locationContextEnabled: false, networkConnectionEnabled: true, newCommandTimeout: 60, noReset: true, orientation: PORTRAIT, pixelRatio: 3, platform: ANDROID, platformName: ANDROID, platformVersion: 8.1.0, skipUnlock: true, statBarHeight: 72, takesScreenshot: true, version: , viewportRect: {height: 1848, left: 0, top: 72, width: 1080}, warnings: {}, webStorageEnabled: false}
Session ID: 32a559c6-b763-43cc-8aaa-5cc182508144">
      <![CDATA[org.openqa.selenium.WebDriverException: An unknown server-side error occurred while processing the command. Original error: Could not proxy command to remote server. Original error: Error: read ECONNRESET (WARNING: The server did not provide any stacktrace information)
Command duration or timeout: 0 milliseconds
Build info: version: '3.11.0', revision: 'e59cfb3', time: '2018-03-11T20:26:55.152Z'
System info: host: 'DESKTOP-FGT58SB', ip: '192.168.2.77', os.name: 'Windows 10', os.arch: 'amd64', os.version: '10.0', java.version: '1.8.0_161'
Driver info: io.appium.java_client.android.AndroidDriver
Capabilities {appActivity: com.docsapp.patients.app.Ma..., appPackage: com.docsapp.patients.debug, automationName: uiautomator2, browserName: android, databaseEnabled: false, desired: {appActivity: com.docsapp.patients.app.Ma..., appPackage: com.docsapp.patients.debug, automationName: uiautomator2, browserName: android, device: Android, deviceName: Android, newCommandTimeout: 60, noReset: true, orientation: PORTRAIT, platform: ANDROID, platformName: Android, skipUnlock: true, version: }, device: Android, deviceApiLevel: 27, deviceManufacturer: Xiaomi, deviceModel: Mi A1, deviceName: 797a9b000504, deviceScreenDensity: 480, deviceScreenSize: 1080x1920, deviceUDID: 797a9b000504, javascriptEnabled: true, locationContextEnabled: false, networkConnectionEnabled: true, newCommandTimeout: 60, noReset: true, orientation: PORTRAIT, pixelRatio: 3, platform: ANDROID, platformName: ANDROID, platformVersion: 8.1.0, skipUnlock: true, statBarHeight: 72, takesScreenshot: true, version: , viewportRect: {height: 1848, left: 0, top: 72, width: 1080}, warnings: {}, webStorageEnabled: false}
Session ID: 32a559c6-b763-43cc-8aaa-5cc182508144
at org.openqa.selenium.remote.ErrorHandler.createThrowable(ErrorHandler.java:214)
at org.openqa.selenium.remote.ErrorHandler.throwIfResponseFailed(ErrorHandler.java:166)
at org.openqa.selenium.remote.http.JsonHttpResponseCodec.reconstructValue(JsonHttpResponseCodec.java:40)
at org.openqa.selenium.remote.http.AbstractHttpResponseCodec.decode(AbstractHttpResponseCodec.java:80)
at org.openqa.selenium.remote.http.AbstractHttpResponseCodec.decode(AbstractHttpResponseCodec.java:44)
at org.openqa.selenium.remote.HttpCommandExecutor.execute(HttpCommandExecutor.java:158)
at io.appium.java_client.remote.AppiumCommandExecutor.execute(AppiumCommandExecutor.java:89)
at org.openqa.selenium.remote.RemoteWebDriver.execute(RemoteWebDriver.java:545)
at io.appium.java_client.DefaultGenericMobileDriver.execute(DefaultGenericMobileDriver.java:46)
at io.appium.java_client.AppiumDriver.execute(AppiumDriver.java:1)
at io.appium.java_client.android.AndroidDriver.execute(AndroidDriver.java:1)
at io.appium.java_client.HasSessionDetails.getSessionDetails(HasSessionDetails.java:38)
at io.appium.java_client.HasSessionDetails.getSessionDetail(HasSessionDetails.java:55)
at io.appium.java_client.HasSessionDetails.getAutomationName(HasSessionDetails.java:71)
at io.appium.java_client.internal.ElementMap.getElementClass(ElementMap.java:79)
at io.appium.java_client.internal.JsonToMobileElementConverter.newMobileElement(JsonToMobileElementConverter.java:85)
at io.appium.java_client.internal.JsonToMobileElementConverter.apply(JsonToMobileElementConverter.java:66)
at org.openqa.selenium.remote.RemoteWebDriver.execute(RemoteWebDriver.java:554)
at io.appium.java_client.DefaultGenericMobileDriver.execute(DefaultGenericMobileDriver.java:42)
at io.appium.java_client.AppiumDriver.execute(AppiumDriver.java:1)
at io.appium.java_client.android.AndroidDriver.execute(AndroidDriver.java:1)
at org.openqa.selenium.remote.RemoteWebDriver.findElement(RemoteWebDriver.java:319)
at io.appium.java_client.DefaultGenericMobileDriver.findElement(DefaultGenericMobileDriver.java:62)
at io.appium.java_client.AppiumDriver.findElement(AppiumDriver.java:1)
at io.appium.java_client.android.AndroidDriver.findElement(AndroidDriver.java:1)
at org.openqa.selenium.remote.RemoteWebDriver.findElementById(RemoteWebDriver.java:365)
at io.appium.java_client.DefaultGenericMobileDriver.findElementById(DefaultGenericMobileDriver.java:70)
at io.appium.java_client.AppiumDriver.findElementById(AppiumDriver.java:1)
at io.appium.java_client.android.AndroidDriver.findElementById(AndroidDriver.java:1)
at org.openqa.selenium.By$ById.findElement(By.java:218)
at org.openqa.selenium.remote.RemoteWebDriver.findElement(RemoteWebDriver.java:311)
at io.appium.java_client.DefaultGenericMobileDriver.findElement(DefaultGenericMobileDriver.java:58)
at io.appium.java_client.AppiumDriver.findElement(AppiumDriver.java:1)
at io.appium.java_client.android.AndroidDriver.findElement(AndroidDriver.java:1)
at org.openqa.selenium.support.pagefactory.DefaultElementLocator.findElement(DefaultElementLocator.java:69)
at org.openqa.selenium.support.pagefactory.internal.LocatingElementHandler.invoke(LocatingElementHandler.java:38)
at com.sun.proxy.$Proxy8.clear(Unknown Source)
at com.patientApp.Base.MavenGenericMethods.profileUpdateHam(MavenGenericMethods.java:767)
at com.patientApp.TestCases.MavenTestClass.updatingTheProfile(MavenTestClass.java:70)
... Removed 32 stack frames]]>
    </failure>
  </testcase> <!-- updatingTheProfile -->
</testsuite> <!-- Test -->
